<?xml version="1.0" encoding="UTF-8"?>
<testng-results ignored="0" total="1" passed="1" failed="0" skipped="0">
  <reporter-output>
    <line>
      <![CDATA[Test case is passed]]>
    </line>
  </reporter-output>
  <suite started-at="2025-07-08T20:52:28 EDT" name="Default suite" finished-at="2025-07-08T20:52:38 EDT" duration-ms="9339">
    <groups>
    </groups>
    <test started-at="2025-07-08T20:52:28 EDT" name="Default test" finished-at="2025-07-08T20:52:38 EDT" duration-ms="9339">
      <class name="TestNGFramework.BlazeProject.ContactUsTest">
        <test-method is-config="true" signature="launchBrowser()[pri:0, instance:TestNGFramework.BlazeProject.ContactUsTest@b2c9a9c]" started-at="2025-07-08T20:52:28 EDT" name="launchBrowser" finished-at="2025-07-08T20:52:34 EDT" duration-ms="6040" status="PASS">
          <reporter-output>
          </reporter-output>
        </test-method> <!-- launchBrowser -->
        <test-method signature="testContactus()[pri:0, instance:TestNGFramework.BlazeProject.ContactUsTest@b2c9a9c]" started-at="2025-07-08T20:52:34 EDT" name="testContactus" finished-at="2025-07-08T20:52:36 EDT" duration-ms="2167" status="PASS">
          <reporter-output>
            <line>
              <![CDATA[Test case is passed]]>
            </line>
          </reporter-output>
        </test-method> <!-- testContactus -->
        <test-method is-config="true" signature="tearDown()[pri:0, instance:TestNGFramework.BlazeProject.ContactUsTest@b2c9a9c]" started-at="2025-07-08T20:52:37 EDT" name="tearDown" finished-at="2025-07-08T20:52:38 EDT" duration-ms="580" status="PASS">
          <reporter-output>
          </reporter-output>
        </test-method> <!-- tearDown -->
      </class> <!-- TestNGFramework.BlazeProject.ContactUsTest -->
    </test> <!-- Default test -->
  </suite> <!-- Default suite -->
</testng-results>
